Using pre-set license
Built from '2020.3/staging' branch; Version is '2020.3.19f1 (68f137dc9bbe) revision 6877495'; Using compiler version '192528614'; Build Type 'Release'
OS: 'Windows 10 Pro; OS build 19043.1526; Version 2009; 64bit' Language: 'es' Physical Memory: 16342 MB
BatchMode: 1, IsHumanControllingUs: 0, StartBugReporterOnCrash: 0, Is64bit: 1, IsPro: 0

COMMAND LINE ARGUMENTS:
C:\Program Files\Unity\Hub\Editor\2020.3.19f1\Editor\Unity.exe
-adb2
-batchMode
-noUpm
-name
AssetImportWorker0
-projectPath
D:/Joan_Barcelo/Desarrollo_de _entornos/Entregable_8
-logFile
Logs/AssetImportWorker0.log
-srvPort
65118
Successfully changed project path to: D:/Joan_Barcelo/Desarrollo_de _entornos/Entregable_8
D:/Joan_Barcelo/Desarrollo_de _entornos/Entregable_8
Using Asset Import Pipeline V2.
Refreshing native plugins compatible for Editor in 32.91 ms, found 2 plugins.
Preloading 0 native plugins for Editor in 0.00 ms.
Initialize engine version: 2020.3.19f1 (68f137dc9bbe)
[Subsystems] Discovering subsystems at path C:/Program Files/Unity/Hub/Editor/2020.3.19f1/Editor/Data/Resources/UnitySubsystems
[Subsystems] Discovering subsystems at path D:/Joan_Barcelo/Desarrollo_de _entornos/Entregable_8/Assets
GfxDevice: creating device client; threaded=0
Direct3D:
    Version:  Direct3D 11.0 [level 11.1]
    Renderer: NVIDIA GeForce GTX 1050 Ti (ID=0x1c82)
    Vendor:   
    VRAM:     4018 MB
    Driver:   27.21.14.5671
Initialize mono
Mono path[0] = 'C:/Program Files/Unity/Hub/Editor/2020.3.19f1/Editor/Data/Managed'
Mono path[1] = 'C:/Program Files/Unity/Hub/Editor/2020.3.19f1/Editor/Data/MonoBleedingEdge/lib/mono/unityjit'
Mono config path = 'C:/Program Files/Unity/Hub/Editor/2020.3.19f1/Editor/Data/MonoBleedingEdge/etc'
Using monoOptions --debugger-agent=transport=dt_socket,embedding=1,server=y,suspend=n,address=127.0.0.1:56824
Begin MonoManager ReloadAssembly
Registering precompiled unity dll's ...
Register platform support module: C:/Program Files/Unity/Hub/Editor/2020.3.19f1/Editor/Data/PlaybackEngines/WindowsStandaloneSupport/UnityEditor.WindowsStandalone.Extensions.dll
Registered in 0.001929 seconds.
Native extension for WindowsStandalone target not found
Refreshing native plugins compatible for Editor in 28.73 ms, found 2 plugins.
Preloading 0 native plugins for Editor in 0.00 ms.
Mono: successfully reloaded assembly
- Completed reload, in  1.093 seconds
Domain Reload Profiling:
	ReloadAssembly (1093ms)
		BeginReloadAssembly (58ms)
			ExecutionOrderSort (0ms)
			DisableScriptedObjects (0ms)
			BackupInstance (0ms)
			ReleaseScriptingObjects (0ms)
			CreateAndSetChildDomain (1ms)
		EndReloadAssembly (413ms)
			LoadAssemblies (55ms)
			RebuildTransferFunctionScriptingTraits (0ms)
			SetupTypeCache (155ms)
			ReleaseScriptCaches (0ms)
			RebuildScriptCaches (31ms)
			SetupLoadedEditorAssemblies (157ms)
				LogAssemblyErrors (0ms)
				InitializePlatformSupportModulesInManaged (4ms)
				SetLoadedEditorAssemblies (0ms)
				RefreshPlugins (29ms)
				BeforeProcessingInitializeOnLoad (9ms)
				ProcessInitializeOnLoadAttributes (85ms)
				ProcessInitializeOnLoadMethodAttributes (30ms)
				AfterProcessingInitializeOnLoad (0ms)
				EditorAssembliesLoaded (0ms)
			ExecutionOrderSort2 (0ms)
			AwakeInstancesAfterBackupRestoration (0ms)
Platform modules already initialized, skipping
Registering precompiled user dll's ...
Registered in 0.001915 seconds.
Begin MonoManager ReloadAssembly
Native extension for WindowsStandalone target not found
Refreshing native plugins compatible for Editor in 0.31 ms, found 2 plugins.
Preloading 0 native plugins for Editor in 0.00 ms.
Mono: successfully reloaded assembly
- Completed reload, in  1.004 seconds
Domain Reload Profiling:
	ReloadAssembly (1004ms)
		BeginReloadAssembly (144ms)
			ExecutionOrderSort (0ms)
			DisableScriptedObjects (5ms)
			BackupInstance (0ms)
			ReleaseScriptingObjects (0ms)
			CreateAndSetChildDomain (18ms)
		EndReloadAssembly (796ms)
			LoadAssemblies (81ms)
			RebuildTransferFunctionScriptingTraits (0ms)
			SetupTypeCache (275ms)
			ReleaseScriptCaches (0ms)
			RebuildScriptCaches (42ms)
			SetupLoadedEditorAssemblies (286ms)
				LogAssemblyErrors (0ms)
				InitializePlatformSupportModulesInManaged (5ms)
				SetLoadedEditorAssemblies (0ms)
				RefreshPlugins (0ms)
				BeforeProcessingInitializeOnLoad (52ms)
				ProcessInitializeOnLoadAttributes (217ms)
				ProcessInitializeOnLoadMethodAttributes (4ms)
				AfterProcessingInitializeOnLoad (6ms)
				EditorAssembliesLoaded (0ms)
			ExecutionOrderSort2 (0ms)
			AwakeInstancesAfterBackupRestoration (6ms)
Platform modules already initialized, skipping
========================================================================
Worker process is ready to serve import requests
Launched and connected shader compiler UnityShaderCompiler.exe after 0.04 seconds
Refreshing native plugins compatible for Editor in 0.30 ms, found 2 plugins.
Preloading 0 native plugins for Editor in 0.00 ms.
Unloading 1446 Unused Serialized files (Serialized files now loaded: 0)
System memory in use before: 68.1 MB.
System memory in use after: 68.2 MB.

Unloading 15 unused Assets to reduce memory usage. Loaded Objects now: 1883.
Total: 2.826000 ms (FindLiveObjects: 0.136600 ms CreateObjectMapping: 0.045100 ms MarkObjects: 2.598400 ms  DeleteObjects: 0.045000 ms)

AssetImportParameters requested are different than current active one (requested -> active):
  custom:framework-win-MediaFoundation: 216162199b28c13a410421893ffa2e32 -> 
  custom:video-decoder-ogg-theora: a1e56fd34408186e4bbccfd4996cb3dc -> 
  custom:container-muxer-webm: aa71ff27fc2769a1b78a27578f13a17b -> 
  custom:container-demuxer-webm: 4f35f7cbe854078d1ac9338744f61a02 -> 
  custom:container-demuxer-ogg: 62fdf1f143b41e24485cea50d1cbac27 -> 
  custom:video-encoder-webm-vp8: eb34c28f22e8b96e1ab97ce403110664 -> 
  custom:video-decoder-webm-vp8: 9c59270c3fd7afecdb556c50c9e8de78 -> 
  custom:audio-decoder-ogg-vorbis: bf7c407c2cedff20999df2af8eb42d56 -> 
  custom:audio-encoder-webm-vorbis: bf7c407c2cedff20999df2af8eb42d56 -> 
========================================================================
Received Import Request.
  path: Assets
  artifactKey: Guid(00000000000000001000000000000000) Importer(815301076,1909f56bfc062723c751e8b465ee728b)
Start importing Assets using Guid(00000000000000001000000000000000) Importer(815301076,1909f56bfc062723c751e8b465ee728b)  -> (artifact id: '42d402b061de3733987d63b9cc3b64de') in 0.002950 seconds 
  Import took 0.004978 seconds .

========================================================================
Received Import Request.
  Time since last request: 9.497411 seconds.
  path: Assets/Materials
  artifactKey: Guid(82454a409784e134cb11071e8b8fd6f7) Importer(815301076,1909f56bfc062723c751e8b465ee728b)
Start importing Assets/Materials using Guid(82454a409784e134cb11071e8b8fd6f7) Importer(815301076,1909f56bfc062723c751e8b465ee728b)  -> (artifact id: '8121df0620735dcb73c9cb039edbcb21') in 0.002252 seconds 
  Import took 0.004541 seconds .

========================================================================
Received Import Request.
  Time since last request: 20.721685 seconds.
  path: Assets/Scripts
  artifactKey: Guid(232b4a2d4e384124aa40a00f3ee7f8a9) Importer(815301076,1909f56bfc062723c751e8b465ee728b)
Start importing Assets/Scripts using Guid(232b4a2d4e384124aa40a00f3ee7f8a9) Importer(815301076,1909f56bfc062723c751e8b465ee728b)  -> (artifact id: 'ffd9d6da13a96c14fe104a43b69ebf3d') in 0.002310 seconds 
  Import took 0.004574 seconds .

========================================================================
Received Import Request.
  Time since last request: 6.613726 seconds.
  path: Assets/Scenes/SizeScript.cs
  artifactKey: Guid(34328993c5409ad4eb7925b1bdb228ab) Importer(815301076,1909f56bfc062723c751e8b465ee728b)
Start importing Assets/Scenes/SizeScript.cs using Guid(34328993c5409ad4eb7925b1bdb228ab) Importer(815301076,1909f56bfc062723c751e8b465ee728b)  -> (artifact id: 'bdf0c51594cf721cf358064533af34d1') in 0.025358 seconds 
  Import took 0.027548 seconds .

========================================================================
Received Import Request.
  Time since last request: 0.495405 seconds.
  path: Assets/Scenes/Colliders.cs
  artifactKey: Guid(edb6801c76a85434084f7698799521fe) Importer(815301076,1909f56bfc062723c751e8b465ee728b)
Start importing Assets/Scenes/Colliders.cs using Guid(edb6801c76a85434084f7698799521fe) Importer(815301076,1909f56bfc062723c751e8b465ee728b)  -> (artifact id: '72e6cb294cd1164d4538d488a98e0049') in 0.000998 seconds 
  Import took 0.003213 seconds .

========================================================================
Received Prepare
Registering precompiled user dll's ...
Registered in 0.001713 seconds.
Begin MonoManager ReloadAssembly
Native extension for WindowsStandalone target not found
Refreshing native plugins compatible for Editor in 0.31 ms, found 2 plugins.
Preloading 0 native plugins for Editor in 0.00 ms.
Mono: successfully reloaded assembly
- Completed reload, in  0.980 seconds
Domain Reload Profiling:
	ReloadAssembly (981ms)
		BeginReloadAssembly (122ms)
			ExecutionOrderSort (0ms)
			DisableScriptedObjects (5ms)
			BackupInstance (0ms)
			ReleaseScriptingObjects (0ms)
			CreateAndSetChildDomain (31ms)
		EndReloadAssembly (792ms)
			LoadAssemblies (84ms)
			RebuildTransferFunctionScriptingTraits (0ms)
			SetupTypeCache (290ms)
			ReleaseScriptCaches (1ms)
			RebuildScriptCaches (39ms)
			SetupLoadedEditorAssemblies (279ms)
				LogAssemblyErrors (0ms)
				InitializePlatformSupportModulesInManaged (5ms)
				SetLoadedEditorAssemblies (0ms)
				RefreshPlugins (0ms)
				BeforeProcessingInitializeOnLoad (49ms)
				ProcessInitializeOnLoadAttributes (213ms)
				ProcessInitializeOnLoadMethodAttributes (4ms)
				AfterProcessingInitializeOnLoad (6ms)
				EditorAssembliesLoaded (0ms)
			ExecutionOrderSort2 (0ms)
			AwakeInstancesAfterBackupRestoration (7ms)
Platform modules already initialized, skipping
Refreshing native plugins compatible for Editor in 0.31 ms, found 2 plugins.
Preloading 0 native plugins for Editor in 0.00 ms.
Unloading 1427 Unused Serialized files (Serialized files now loaded: 0)
System memory in use before: 66.7 MB.
System memory in use after: 66.8 MB.

Unloading 11 unused Assets to reduce memory usage. Loaded Objects now: 1885.
Total: 2.809900 ms (FindLiveObjects: 0.230800 ms CreateObjectMapping: 0.059500 ms MarkObjects: 2.504200 ms  DeleteObjects: 0.014300 ms)

AssetImportParameters requested are different than current active one (requested -> active):
  custom:framework-win-MediaFoundation: 216162199b28c13a410421893ffa2e32 -> 
  custom:video-decoder-ogg-theora: a1e56fd34408186e4bbccfd4996cb3dc -> 
  custom:container-muxer-webm: aa71ff27fc2769a1b78a27578f13a17b -> 
  custom:container-demuxer-webm: 4f35f7cbe854078d1ac9338744f61a02 -> 
  custom:container-demuxer-ogg: 62fdf1f143b41e24485cea50d1cbac27 -> 
  custom:video-encoder-webm-vp8: eb34c28f22e8b96e1ab97ce403110664 -> 
  custom:video-decoder-webm-vp8: 9c59270c3fd7afecdb556c50c9e8de78 -> 
  custom:audio-decoder-ogg-vorbis: bf7c407c2cedff20999df2af8eb42d56 -> 
  custom:audio-encoder-webm-vorbis: bf7c407c2cedff20999df2af8eb42d56 -> 
========================================================================
Received Import Request.
  Time since last request: 12.774654 seconds.
  path: Assets/Scenes/Entregable_8.unity
  artifactKey: Guid(9fc0d4010bbf28b4594072e72b8655ab) Importer(815301076,1909f56bfc062723c751e8b465ee728b)
Start importing Assets/Scenes/Entregable_8.unity using Guid(9fc0d4010bbf28b4594072e72b8655ab) Importer(815301076,1909f56bfc062723c751e8b465ee728b)  -> (artifact id: '0d138df183a63ad6e2be0679351f1c85') in 0.011954 seconds 
  Import took 0.014202 seconds .

========================================================================
Received Prepare
Registering precompiled user dll's ...
Registered in 0.002331 seconds.
Begin MonoManager ReloadAssembly
Native extension for WindowsStandalone target not found
Refreshing native plugins compatible for Editor in 0.47 ms, found 2 plugins.
Preloading 0 native plugins for Editor in 0.00 ms.
Mono: successfully reloaded assembly
- Completed reload, in  1.267 seconds
Domain Reload Profiling:
	ReloadAssembly (1268ms)
		BeginReloadAssembly (144ms)
			ExecutionOrderSort (0ms)
			DisableScriptedObjects (6ms)
			BackupInstance (0ms)
			ReleaseScriptingObjects (0ms)
			CreateAndSetChildDomain (43ms)
		EndReloadAssembly (1036ms)
			LoadAssemblies (117ms)
			RebuildTransferFunctionScriptingTraits (0ms)
			SetupTypeCache (390ms)
			ReleaseScriptCaches (1ms)
			RebuildScriptCaches (53ms)
			SetupLoadedEditorAssemblies (344ms)
				LogAssemblyErrors (0ms)
				InitializePlatformSupportModulesInManaged (7ms)
				SetLoadedEditorAssemblies (1ms)
				RefreshPlugins (1ms)
				BeforeProcessingInitializeOnLoad (66ms)
				ProcessInitializeOnLoadAttributes (260ms)
				ProcessInitializeOnLoadMethodAttributes (4ms)
				AfterProcessingInitializeOnLoad (6ms)
				EditorAssembliesLoaded (0ms)
			ExecutionOrderSort2 (0ms)
			AwakeInstancesAfterBackupRestoration (7ms)
Platform modules already initialized, skipping
Refreshing native plugins compatible for Editor in 0.33 ms, found 2 plugins.
Preloading 0 native plugins for Editor in 0.00 ms.
Unloading 1427 Unused Serialized files (Serialized files now loaded: 0)
System memory in use before: 66.7 MB.
System memory in use after: 66.8 MB.

Unloading 11 unused Assets to reduce memory usage. Loaded Objects now: 1887.
Total: 2.955200 ms (FindLiveObjects: 0.134200 ms CreateObjectMapping: 0.045900 ms MarkObjects: 2.738900 ms  DeleteObjects: 0.034900 ms)

AssetImportParameters requested are different than current active one (requested -> active):
  custom:framework-win-MediaFoundation: 216162199b28c13a410421893ffa2e32 -> 
  custom:video-decoder-ogg-theora: a1e56fd34408186e4bbccfd4996cb3dc -> 
  custom:container-muxer-webm: aa71ff27fc2769a1b78a27578f13a17b -> 
  custom:container-demuxer-webm: 4f35f7cbe854078d1ac9338744f61a02 -> 
  custom:container-demuxer-ogg: 62fdf1f143b41e24485cea50d1cbac27 -> 
  custom:video-encoder-webm-vp8: eb34c28f22e8b96e1ab97ce403110664 -> 
  custom:video-decoder-webm-vp8: 9c59270c3fd7afecdb556c50c9e8de78 -> 
  custom:audio-decoder-ogg-vorbis: bf7c407c2cedff20999df2af8eb42d56 -> 
  custom:audio-encoder-webm-vorbis: bf7c407c2cedff20999df2af8eb42d56 -> 
========================================================================
Received Prepare
Registering precompiled user dll's ...
Registered in 0.002096 seconds.
Begin MonoManager ReloadAssembly
Native extension for WindowsStandalone target not found
Refreshing native plugins compatible for Editor in 0.43 ms, found 2 plugins.
Preloading 0 native plugins for Editor in 0.00 ms.
Mono: successfully reloaded assembly
- Completed reload, in  1.370 seconds
Domain Reload Profiling:
	ReloadAssembly (1371ms)
		BeginReloadAssembly (159ms)
			ExecutionOrderSort (0ms)
			DisableScriptedObjects (7ms)
			BackupInstance (0ms)
			ReleaseScriptingObjects (0ms)
			CreateAndSetChildDomain (47ms)
		EndReloadAssembly (1116ms)
			LoadAssemblies (119ms)
			RebuildTransferFunctionScriptingTraits (0ms)
			SetupTypeCache (392ms)
			ReleaseScriptCaches (1ms)
			RebuildScriptCaches (55ms)
			SetupLoadedEditorAssemblies (412ms)
				LogAssemblyErrors (0ms)
				InitializePlatformSupportModulesInManaged (8ms)
				SetLoadedEditorAssemblies (1ms)
				RefreshPlugins (1ms)
				BeforeProcessingInitializeOnLoad (68ms)
				ProcessInitializeOnLoadAttributes (320ms)
				ProcessInitializeOnLoadMethodAttributes (6ms)
				AfterProcessingInitializeOnLoad (9ms)
				EditorAssembliesLoaded (0ms)
			ExecutionOrderSort2 (0ms)
			AwakeInstancesAfterBackupRestoration (10ms)
Platform modules already initialized, skipping
Refreshing native plugins compatible for Editor in 0.33 ms, found 2 plugins.
Preloading 0 native plugins for Editor in 0.00 ms.
Unloading 1427 Unused Serialized files (Serialized files now loaded: 0)
System memory in use before: 66.7 MB.
System memory in use after: 66.9 MB.

Unloading 11 unused Assets to reduce memory usage. Loaded Objects now: 1889.
Total: 4.086600 ms (FindLiveObjects: 0.312000 ms CreateObjectMapping: 0.153900 ms MarkObjects: 3.600200 ms  DeleteObjects: 0.019100 ms)

AssetImportParameters requested are different than current active one (requested -> active):
  custom:framework-win-MediaFoundation: 216162199b28c13a410421893ffa2e32 -> 
  custom:video-decoder-ogg-theora: a1e56fd34408186e4bbccfd4996cb3dc -> 
  custom:container-muxer-webm: aa71ff27fc2769a1b78a27578f13a17b -> 
  custom:container-demuxer-webm: 4f35f7cbe854078d1ac9338744f61a02 -> 
  custom:container-demuxer-ogg: 62fdf1f143b41e24485cea50d1cbac27 -> 
  custom:video-encoder-webm-vp8: eb34c28f22e8b96e1ab97ce403110664 -> 
  custom:video-decoder-webm-vp8: 9c59270c3fd7afecdb556c50c9e8de78 -> 
  custom:audio-decoder-ogg-vorbis: bf7c407c2cedff20999df2af8eb42d56 -> 
  custom:audio-encoder-webm-vorbis: bf7c407c2cedff20999df2af8eb42d56 -> 
========================================================================
Received Prepare
Registering precompiled user dll's ...
Registered in 0.001928 seconds.
Begin MonoManager ReloadAssembly
Native extension for WindowsStandalone target not found
Refreshing native plugins compatible for Editor in 0.34 ms, found 2 plugins.
Preloading 0 native plugins for Editor in 0.00 ms.
Mono: successfully reloaded assembly
- Completed reload, in  1.544 seconds
Domain Reload Profiling:
	ReloadAssembly (1545ms)
		BeginReloadAssembly (177ms)
			ExecutionOrderSort (0ms)
			DisableScriptedObjects (5ms)
			BackupInstance (0ms)
			ReleaseScriptingObjects (0ms)
			CreateAndSetChildDomain (55ms)
		EndReloadAssembly (1302ms)
			LoadAssemblies (86ms)
			RebuildTransferFunctionScriptingTraits (0ms)
			SetupTypeCache (284ms)
			ReleaseScriptCaches (1ms)
			RebuildScriptCaches (40ms)
			SetupLoadedEditorAssemblies (789ms)
				LogAssemblyErrors (0ms)
				InitializePlatformSupportModulesInManaged (5ms)
				SetLoadedEditorAssemblies (0ms)
				RefreshPlugins (0ms)
				BeforeProcessingInitializeOnLoad (65ms)
				ProcessInitializeOnLoadAttributes (706ms)
				ProcessInitializeOnLoadMethodAttributes (5ms)
				AfterProcessingInitializeOnLoad (6ms)
				EditorAssembliesLoaded (0ms)
			ExecutionOrderSort2 (0ms)
			AwakeInstancesAfterBackupRestoration (9ms)
Platform modules already initialized, skipping
Refreshing native plugins compatible for Editor in 0.32 ms, found 2 plugins.
Preloading 0 native plugins for Editor in 0.00 ms.
Unloading 1427 Unused Serialized files (Serialized files now loaded: 0)
System memory in use before: 66.8 MB.
System memory in use after: 66.9 MB.

Unloading 11 unused Assets to reduce memory usage. Loaded Objects now: 1891.
Total: 3.037800 ms (FindLiveObjects: 0.141000 ms CreateObjectMapping: 0.046100 ms MarkObjects: 2.820300 ms  DeleteObjects: 0.028800 ms)

AssetImportParameters requested are different than current active one (requested -> active):
  custom:framework-win-MediaFoundation: 216162199b28c13a410421893ffa2e32 -> 
  custom:video-decoder-ogg-theora: a1e56fd34408186e4bbccfd4996cb3dc -> 
  custom:container-muxer-webm: aa71ff27fc2769a1b78a27578f13a17b -> 
  custom:container-demuxer-webm: 4f35f7cbe854078d1ac9338744f61a02 -> 
  custom:container-demuxer-ogg: 62fdf1f143b41e24485cea50d1cbac27 -> 
  custom:video-encoder-webm-vp8: eb34c28f22e8b96e1ab97ce403110664 -> 
  custom:video-decoder-webm-vp8: 9c59270c3fd7afecdb556c50c9e8de78 -> 
  custom:audio-decoder-ogg-vorbis: bf7c407c2cedff20999df2af8eb42d56 -> 
  custom:audio-encoder-webm-vorbis: bf7c407c2cedff20999df2af8eb42d56 -> 
========================================================================
Received Import Request.
  Time since last request: 3385.774122 seconds.
  path: Assets/Materials/bola.fbx
  artifactKey: Guid(064249d81cd67b74d8fefedd0b682478) Importer(815301076,1909f56bfc062723c751e8b465ee728b)
Start importing Assets/Materials/bola.fbx using Guid(064249d81cd67b74d8fefedd0b682478) Importer(815301076,1909f56bfc062723c751e8b465ee728b)  -> (artifact id: '521979a185846f6316ae96164694321f') in 0.141790 seconds 
  Import took 0.171026 seconds .

========================================================================
Received Import Request.
  Time since last request: 75.771316 seconds.
  path: Assets/Materials/bola.prefab
  artifactKey: Guid(8d8e61cf6c155da47885f12e14573d63) Importer(815301076,1909f56bfc062723c751e8b465ee728b)
Start importing Assets/Materials/bola.prefab using Guid(8d8e61cf6c155da47885f12e14573d63) Importer(815301076,1909f56bfc062723c751e8b465ee728b)  -> (artifact id: 'fb93ddb1f3157034176de40e3abef264') in 0.009336 seconds 
  Import took 0.019293 seconds .

========================================================================
Received Prepare
Registering precompiled user dll's ...
Registered in 0.001785 seconds.
Begin MonoManager ReloadAssembly
Native extension for WindowsStandalone target not found
Refreshing native plugins compatible for Editor in 0.31 ms, found 2 plugins.
Preloading 0 native plugins for Editor in 0.00 ms.
Mono: successfully reloaded assembly
- Completed reload, in  1.031 seconds
Domain Reload Profiling:
	ReloadAssembly (1031ms)
		BeginReloadAssembly (112ms)
			ExecutionOrderSort (0ms)
			DisableScriptedObjects (4ms)
			BackupInstance (0ms)
			ReleaseScriptingObjects (0ms)
			CreateAndSetChildDomain (33ms)
		EndReloadAssembly (847ms)
			LoadAssemblies (89ms)
			RebuildTransferFunctionScriptingTraits (0ms)
			SetupTypeCache (290ms)
			ReleaseScriptCaches (1ms)
			RebuildScriptCaches (40ms)
			SetupLoadedEditorAssemblies (315ms)
				LogAssemblyErrors (0ms)
				InitializePlatformSupportModulesInManaged (5ms)
				SetLoadedEditorAssemblies (0ms)
				RefreshPlugins (0ms)
				BeforeProcessingInitializeOnLoad (50ms)
				ProcessInitializeOnLoadAttributes (246ms)
				ProcessInitializeOnLoadMethodAttributes (5ms)
				AfterProcessingInitializeOnLoad (7ms)
				EditorAssembliesLoaded (0ms)
			ExecutionOrderSort2 (0ms)
			AwakeInstancesAfterBackupRestoration (10ms)
Platform modules already initialized, skipping
Refreshing native plugins compatible for Editor in 0.31 ms, found 2 plugins.
Preloading 0 native plugins for Editor in 0.00 ms.
Unloading 1427 Unused Serialized files (Serialized files now loaded: 0)
System memory in use before: 70.2 MB.
System memory in use after: 70.3 MB.

Unloading 11 unused Assets to reduce memory usage. Loaded Objects now: 1936.
Total: 2.674400 ms (FindLiveObjects: 0.158300 ms CreateObjectMapping: 0.053700 ms MarkObjects: 2.440900 ms  DeleteObjects: 0.020600 ms)

AssetImportParameters requested are different than current active one (requested -> active):
  custom:framework-win-MediaFoundation: 216162199b28c13a410421893ffa2e32 -> 
  custom:video-decoder-ogg-theora: a1e56fd34408186e4bbccfd4996cb3dc -> 
  custom:container-muxer-webm: aa71ff27fc2769a1b78a27578f13a17b -> 
  custom:container-demuxer-webm: 4f35f7cbe854078d1ac9338744f61a02 -> 
  custom:container-demuxer-ogg: 62fdf1f143b41e24485cea50d1cbac27 -> 
  custom:video-encoder-webm-vp8: eb34c28f22e8b96e1ab97ce403110664 -> 
  custom:video-decoder-webm-vp8: 9c59270c3fd7afecdb556c50c9e8de78 -> 
  custom:audio-decoder-ogg-vorbis: bf7c407c2cedff20999df2af8eb42d56 -> 
  custom:audio-encoder-webm-vorbis: bf7c407c2cedff20999df2af8eb42d56 -> 
========================================================================
Received Import Request.
  Time since last request: 100.994348 seconds.
  path: Assets/Materials/T
  artifactKey: Guid(670e25c94ce67d74e9d7fed13122e70a) Importer(815301076,1909f56bfc062723c751e8b465ee728b)
Start importing Assets/Materials/T using Guid(670e25c94ce67d74e9d7fed13122e70a) Importer(815301076,1909f56bfc062723c751e8b465ee728b)  -> (artifact id: '3f7c690792394ded5c08f39e77b5cc34') in 0.004433 seconds 
  Import took 0.007253 seconds .

========================================================================
Received Import Request.
  Time since last request: 2.584271 seconds.
  path: Assets/Materials/T/verde
  artifactKey: Guid(fd0c467e5f489024ba357fc662308f32) Importer(815301076,1909f56bfc062723c751e8b465ee728b)
Start importing Assets/Materials/T/verde using Guid(fd0c467e5f489024ba357fc662308f32) Importer(815301076,1909f56bfc062723c751e8b465ee728b)  -> (artifact id: '444af6126f990f4a6021006958e10332') in 0.001417 seconds 
  Import took 0.011954 seconds .

========================================================================
Received Import Request.
  Time since last request: 9.182337 seconds.
  path: Assets/Materials/T/verde/bola_lambert1_BaseColor.1001.jpg
  artifactKey: Guid(38232779666e73047bd813d51e92ec2d) Importer(815301076,1909f56bfc062723c751e8b465ee728b)
Start importing Assets/Materials/T/verde/bola_lambert1_BaseColor.1001.jpg using Guid(38232779666e73047bd813d51e92ec2d) Importer(815301076,1909f56bfc062723c751e8b465ee728b)  -> (artifact id: 'd385b164ab9a433f7c874cbb9cf971ac') in 0.052048 seconds 
  Import took 0.055007 seconds .

========================================================================
Received Import Request.
  Time since last request: 0.000273 seconds.
  path: Assets/Materials/T/verde/bola_lambert1_Height.1001.jpg
  artifactKey: Guid(a5e24fe84eb0fdb468c44e9ff835962c) Importer(815301076,1909f56bfc062723c751e8b465ee728b)
Start importing Assets/Materials/T/verde/bola_lambert1_Height.1001.jpg using Guid(a5e24fe84eb0fdb468c44e9ff835962c) Importer(815301076,1909f56bfc062723c751e8b465ee728b)  -> (artifact id: 'bc43437f4101a516fc5f6eb02ed261c9') in 0.005646 seconds 
  Import took 0.020751 seconds .

========================================================================
Received Import Request.
  Time since last request: 0.000334 seconds.
  path: Assets/Materials/T/verde/bola_lambert1_Roughness.1001.jpg
  artifactKey: Guid(3e7fc74e6518f20488e054f72c69cdcf) Importer(815301076,1909f56bfc062723c751e8b465ee728b)
Start importing Assets/Materials/T/verde/bola_lambert1_Roughness.1001.jpg using Guid(3e7fc74e6518f20488e054f72c69cdcf) Importer(815301076,1909f56bfc062723c751e8b465ee728b)  -> (artifact id: '817cc72ef90e596a8fc01de0f917fe83') in 0.008527 seconds 
  Import took 0.011778 seconds .

========================================================================
Received Import Request.
  Time since last request: 0.000273 seconds.
  path: Assets/Materials/T/verde/bola_lambert1_Metallic.1001.jpg
  artifactKey: Guid(06da3881249b1e941a807296df915006) Importer(815301076,1909f56bfc062723c751e8b465ee728b)
Start importing Assets/Materials/T/verde/bola_lambert1_Metallic.1001.jpg using Guid(06da3881249b1e941a807296df915006) Importer(815301076,1909f56bfc062723c751e8b465ee728b)  -> (artifact id: '15f2735bf88e54be0ac7ffab54705a53') in 0.006744 seconds 
  Import took 0.009897 seconds .

========================================================================
Received Import Request.
  Time since last request: 0.000266 seconds.
  path: Assets/Materials/T/verde/bola_lambert1_Normal.1001.jpg
  artifactKey: Guid(ab221a5c71917294b963dfee7b028868) Importer(815301076,1909f56bfc062723c751e8b465ee728b)
Start importing Assets/Materials/T/verde/bola_lambert1_Normal.1001.jpg using Guid(ab221a5c71917294b963dfee7b028868) Importer(815301076,1909f56bfc062723c751e8b465ee728b)  -> (artifact id: '5e0c527e8d094ad0f4ee3adb1b0e632c') in 0.006648 seconds 
  Import took 0.010967 seconds .

========================================================================
Received Import Request.
  Time since last request: 59.270771 seconds.
  path: Assets/Materials/T/verde/bola_lambert1_Normal.1001.jpg
  artifactKey: Guid(ab221a5c71917294b963dfee7b028868) Importer(815301076,1909f56bfc062723c751e8b465ee728b)
Start importing Assets/Materials/T/verde/bola_lambert1_Normal.1001.jpg using Guid(ab221a5c71917294b963dfee7b028868) Importer(815301076,1909f56bfc062723c751e8b465ee728b)  -> (artifact id: '0bbd2468da859b02fb6abc73222a9a87') in 0.013850 seconds 
  Import took 0.016628 seconds .

========================================================================
Received Import Request.
  Time since last request: 62.599997 seconds.
  path: Assets/bola.fbx
  artifactKey: Guid(a9d7b5e1c3725cd4f957b5c0367b48a5) Importer(815301076,1909f56bfc062723c751e8b465ee728b)
Start importing Assets/bola.fbx using Guid(a9d7b5e1c3725cd4f957b5c0367b48a5) Importer(815301076,1909f56bfc062723c751e8b465ee728b)  -> (artifact id: '791e9a6eebcc3b58b8f177aff02ca7c4') in 0.073830 seconds 
  Import took 0.090192 seconds .

========================================================================
Received Import Request.
  Time since last request: 141.309719 seconds.
  path: Assets/Materials/T/rojo/bola_lambert1_BaseColor.1001.jpg
  artifactKey: Guid(527d60abb45aab7419cc2bef67655e89) Importer(815301076,1909f56bfc062723c751e8b465ee728b)
Start importing Assets/Materials/T/rojo/bola_lambert1_BaseColor.1001.jpg using Guid(527d60abb45aab7419cc2bef67655e89) Importer(815301076,1909f56bfc062723c751e8b465ee728b)  -> (artifact id: '08958c964fd6dcdc4b0a27a995fef128') in 0.005436 seconds 
  Import took 0.024142 seconds .

========================================================================
Received Import Request.
  Time since last request: 0.000299 seconds.
  path: Assets/Materials/T/rojo/bola_lambert1_Roughness.1001.jpg
  artifactKey: Guid(f04109cb9e577c74fbc7a7968d517e20) Importer(815301076,1909f56bfc062723c751e8b465ee728b)
Start importing Assets/Materials/T/rojo/bola_lambert1_Roughness.1001.jpg using Guid(f04109cb9e577c74fbc7a7968d517e20) Importer(815301076,1909f56bfc062723c751e8b465ee728b)  -> (artifact id: 'b15c87c543a024dcb270811d0b14ff19') in 0.018854 seconds 
  Import took 0.029089 seconds .

========================================================================
Received Import Request.
  Time since last request: 0.000270 seconds.
  path: Assets/Materials/T/rojo/bola_lambert1_Normal.1001.jpg
  artifactKey: Guid(59657bbdfffc04c4ca775eda2ae0ab35) Importer(815301076,1909f56bfc062723c751e8b465ee728b)
Start importing Assets/Materials/T/rojo/bola_lambert1_Normal.1001.jpg using Guid(59657bbdfffc04c4ca775eda2ae0ab35) Importer(815301076,1909f56bfc062723c751e8b465ee728b)  -> (artifact id: '00547163ce3c5a070e0a4584aed891ff') in 0.005507 seconds 
  Import took 0.010861 seconds .

========================================================================
Received Import Request.
  Time since last request: 0.000266 seconds.
  path: Assets/Materials/T/rojo/bola_lambert1_Height.1001.jpg
  artifactKey: Guid(372744ed37716ec42bbbf5d163e3b668) Importer(815301076,1909f56bfc062723c751e8b465ee728b)
Start importing Assets/Materials/T/rojo/bola_lambert1_Height.1001.jpg using Guid(372744ed37716ec42bbbf5d163e3b668) Importer(815301076,1909f56bfc062723c751e8b465ee728b)  -> (artifact id: '853b3e979d713e694ac4d4f8659b1fc9') in 0.007594 seconds 
  Import took 0.010474 seconds .

========================================================================
Received Import Request.
  Time since last request: 0.000260 seconds.
  path: Assets/Materials/T/rojo/bola_lambert1_Metallic.1001.jpg
  artifactKey: Guid(2a3f7d7466c85f947a4898cc6555139d) Importer(815301076,1909f56bfc062723c751e8b465ee728b)
Start importing Assets/Materials/T/rojo/bola_lambert1_Metallic.1001.jpg using Guid(2a3f7d7466c85f947a4898cc6555139d) Importer(815301076,1909f56bfc062723c751e8b465ee728b)  -> (artifact id: 'e9cb1c4c86c9a1beca9b3c561fcfe562') in 0.005740 seconds 
  Import took 0.020480 seconds .

========================================================================
Received Prepare
Registering precompiled user dll's ...
Registered in 0.002364 seconds.
Begin MonoManager ReloadAssembly
Native extension for WindowsStandalone target not found
Refreshing native plugins compatible for Editor in 0.31 ms, found 2 plugins.
Preloading 0 native plugins for Editor in 0.00 ms.
Mono: successfully reloaded assembly
- Completed reload, in  0.967 seconds
Domain Reload Profiling:
	ReloadAssembly (967ms)
		BeginReloadAssembly (111ms)
			ExecutionOrderSort (0ms)
			DisableScriptedObjects (4ms)
			BackupInstance (0ms)
			ReleaseScriptingObjects (0ms)
			CreateAndSetChildDomain (33ms)
		EndReloadAssembly (792ms)
			LoadAssemblies (84ms)
			RebuildTransferFunctionScriptingTraits (0ms)
			SetupTypeCache (270ms)
			ReleaseScriptCaches (1ms)
			RebuildScriptCaches (38ms)
			SetupLoadedEditorAssemblies (302ms)
				LogAssemblyErrors (0ms)
				InitializePlatformSupportModulesInManaged (5ms)
				SetLoadedEditorAssemblies (0ms)
				RefreshPlugins (0ms)
				BeforeProcessingInitializeOnLoad (48ms)
				ProcessInitializeOnLoadAttributes (236ms)
				ProcessInitializeOnLoadMethodAttributes (5ms)
				AfterProcessingInitializeOnLoad (7ms)
				EditorAssembliesLoaded (0ms)
			ExecutionOrderSort2 (0ms)
			AwakeInstancesAfterBackupRestoration (7ms)
Platform modules already initialized, skipping
Refreshing native plugins compatible for Editor in 0.35 ms, found 2 plugins.
Preloading 0 native plugins for Editor in 0.00 ms.
Unloading 1427 Unused Serialized files (Serialized files now loaded: 0)
System memory in use before: 70.2 MB.
System memory in use after: 70.3 MB.

Unloading 11 unused Assets to reduce memory usage. Loaded Objects now: 1942.
Total: 2.832700 ms (FindLiveObjects: 0.193400 ms CreateObjectMapping: 0.074700 ms MarkObjects: 2.511300 ms  DeleteObjects: 0.052100 ms)

AssetImportParameters requested are different than current active one (requested -> active):
  custom:framework-win-MediaFoundation: 216162199b28c13a410421893ffa2e32 -> 
  custom:video-decoder-ogg-theora: a1e56fd34408186e4bbccfd4996cb3dc -> 
  custom:container-muxer-webm: aa71ff27fc2769a1b78a27578f13a17b -> 
  custom:container-demuxer-webm: 4f35f7cbe854078d1ac9338744f61a02 -> 
  custom:container-demuxer-ogg: 62fdf1f143b41e24485cea50d1cbac27 -> 
  custom:video-encoder-webm-vp8: eb34c28f22e8b96e1ab97ce403110664 -> 
  custom:video-decoder-webm-vp8: 9c59270c3fd7afecdb556c50c9e8de78 -> 
  custom:audio-decoder-ogg-vorbis: bf7c407c2cedff20999df2af8eb42d56 -> 
  custom:audio-encoder-webm-vorbis: bf7c407c2cedff20999df2af8eb42d56 -> 
========================================================================
Received Import Request.
  Time since last request: 8.233899 seconds.
  path: Assets/Materials/T/rojo/bola_lambert1_Normal.1001.jpg
  artifactKey: Guid(59657bbdfffc04c4ca775eda2ae0ab35) Importer(815301076,1909f56bfc062723c751e8b465ee728b)
Start importing Assets/Materials/T/rojo/bola_lambert1_Normal.1001.jpg using Guid(59657bbdfffc04c4ca775eda2ae0ab35) Importer(815301076,1909f56bfc062723c751e8b465ee728b)  -> (artifact id: 'b93ab18611ef65a4a9fd11e371807c76') in 0.037601 seconds 
  Import took 0.040048 seconds .

========================================================================
Received Import Request.
  Time since last request: 10.297166 seconds.
  path: Assets/Materials/T/azul/bola_lambert1_BaseColor.1001.jpg
  artifactKey: Guid(26f107f9430a89e4281e1b77c8e0ce87) Importer(815301076,1909f56bfc062723c751e8b465ee728b)
Start importing Assets/Materials/T/azul/bola_lambert1_BaseColor.1001.jpg using Guid(26f107f9430a89e4281e1b77c8e0ce87) Importer(815301076,1909f56bfc062723c751e8b465ee728b)  -> (artifact id: '941e0631992d727f9cf72c8c1f10ebf5') in 0.006196 seconds 
  Import took 0.016665 seconds .

========================================================================
Received Import Request.
  Time since last request: 0.000258 seconds.
  path: Assets/Materials/T/azul/bola_lambert1_Height.1001.jpg
  artifactKey: Guid(31dc4eb8623ae2f438f827760e538c77) Importer(815301076,1909f56bfc062723c751e8b465ee728b)
Start importing Assets/Materials/T/azul/bola_lambert1_Height.1001.jpg using Guid(31dc4eb8623ae2f438f827760e538c77) Importer(815301076,1909f56bfc062723c751e8b465ee728b)  -> (artifact id: '883165eaf25241096777a0ef9e064fb7') in 0.008259 seconds 
  Import took 0.022010 seconds .

========================================================================
Received Import Request.
  Time since last request: 0.000324 seconds.
  path: Assets/Materials/T/azul/bola_lambert1_Metallic.1001.jpg
  artifactKey: Guid(25a09a53f18185649960aee978292492) Importer(815301076,1909f56bfc062723c751e8b465ee728b)
Start importing Assets/Materials/T/azul/bola_lambert1_Metallic.1001.jpg using Guid(25a09a53f18185649960aee978292492) Importer(815301076,1909f56bfc062723c751e8b465ee728b)  -> (artifact id: '5d27ed94588298caa27b6fa2f2f5c81f') in 0.006675 seconds 
  Import took 0.020538 seconds .

========================================================================
Received Import Request.
  Time since last request: 0.000258 seconds.
  path: Assets/Materials/T/azul/bola_lambert1_Roughness.1001.jpg
  artifactKey: Guid(aefcc80ca2b3e944fbb4b6fa8c20e3f4) Importer(815301076,1909f56bfc062723c751e8b465ee728b)
Start importing Assets/Materials/T/azul/bola_lambert1_Roughness.1001.jpg using Guid(aefcc80ca2b3e944fbb4b6fa8c20e3f4) Importer(815301076,1909f56bfc062723c751e8b465ee728b)  -> (artifact id: '6ba13dae8a5d21faca8267e3bbd9d5c9') in 0.013082 seconds 
  Import took 0.021665 seconds .

========================================================================
Received Import Request.
  Time since last request: 0.000268 seconds.
  path: Assets/Materials/T/azul/bola_lambert1_Normal.1001.jpg
  artifactKey: Guid(b41e5d20379608546a4a416690ce2269) Importer(815301076,1909f56bfc062723c751e8b465ee728b)
Start importing Assets/Materials/T/azul/bola_lambert1_Normal.1001.jpg using Guid(b41e5d20379608546a4a416690ce2269) Importer(815301076,1909f56bfc062723c751e8b465ee728b)  -> (artifact id: 'ebf453e453f062db2f1371c446b76286') in 0.013696 seconds 
  Import took 0.021349 seconds .

========================================================================
Received Import Request.
  Time since last request: 15.197189 seconds.
  path: Assets/Materials/T/azul/bola_lambert1_Normal.1001.jpg
  artifactKey: Guid(b41e5d20379608546a4a416690ce2269) Importer(815301076,1909f56bfc062723c751e8b465ee728b)
Start importing Assets/Materials/T/azul/bola_lambert1_Normal.1001.jpg using Guid(b41e5d20379608546a4a416690ce2269) Importer(815301076,1909f56bfc062723c751e8b465ee728b)  -> (artifact id: '729661f687ae218c1f59f67b1883350a') in 0.006223 seconds 
  Import took 0.008914 seconds .

========================================================================
Received Prepare
Registering precompiled user dll's ...
Registered in 0.001779 seconds.
Begin MonoManager ReloadAssembly
Native extension for WindowsStandalone target not found
Refreshing native plugins compatible for Editor in 0.31 ms, found 2 plugins.
Preloading 0 native plugins for Editor in 0.00 ms.
Mono: successfully reloaded assembly
- Completed reload, in  0.969 seconds
Domain Reload Profiling:
	ReloadAssembly (969ms)
		BeginReloadAssembly (111ms)
			ExecutionOrderSort (0ms)
			DisableScriptedObjects (5ms)
			BackupInstance (0ms)
			ReleaseScriptingObjects (0ms)
			CreateAndSetChildDomain (31ms)
		EndReloadAssembly (793ms)
			LoadAssemblies (83ms)
			RebuildTransferFunctionScriptingTraits (0ms)
			SetupTypeCache (281ms)
			ReleaseScriptCaches (1ms)
			RebuildScriptCaches (38ms)
			SetupLoadedEditorAssemblies (284ms)
				LogAssemblyErrors (0ms)
				InitializePlatformSupportModulesInManaged (8ms)
				SetLoadedEditorAssemblies (1ms)
				RefreshPlugins (0ms)
				BeforeProcessingInitializeOnLoad (49ms)
				ProcessInitializeOnLoadAttributes (215ms)
				ProcessInitializeOnLoadMethodAttributes (4ms)
				AfterProcessingInitializeOnLoad (7ms)
				EditorAssembliesLoaded (0ms)
			ExecutionOrderSort2 (0ms)
			AwakeInstancesAfterBackupRestoration (7ms)
Platform modules already initialized, skipping
Refreshing native plugins compatible for Editor in 0.32 ms, found 2 plugins.
Preloading 0 native plugins for Editor in 0.00 ms.
Unloading 1427 Unused Serialized files (Serialized files now loaded: 0)
System memory in use before: 70.3 MB.
System memory in use after: 70.4 MB.

Unloading 11 unused Assets to reduce memory usage. Loaded Objects now: 1945.
Total: 2.937400 ms (FindLiveObjects: 0.150500 ms CreateObjectMapping: 0.048400 ms MarkObjects: 2.722600 ms  DeleteObjects: 0.014900 ms)

AssetImportParameters requested are different than current active one (requested -> active):
  custom:framework-win-MediaFoundation: 216162199b28c13a410421893ffa2e32 -> 
  custom:video-decoder-ogg-theora: a1e56fd34408186e4bbccfd4996cb3dc -> 
  custom:container-muxer-webm: aa71ff27fc2769a1b78a27578f13a17b -> 
  custom:container-demuxer-webm: 4f35f7cbe854078d1ac9338744f61a02 -> 
  custom:container-demuxer-ogg: 62fdf1f143b41e24485cea50d1cbac27 -> 
  custom:video-encoder-webm-vp8: eb34c28f22e8b96e1ab97ce403110664 -> 
  custom:video-decoder-webm-vp8: 9c59270c3fd7afecdb556c50c9e8de78 -> 
  custom:audio-decoder-ogg-vorbis: bf7c407c2cedff20999df2af8eb42d56 -> 
  custom:audio-encoder-webm-vorbis: bf7c407c2cedff20999df2af8eb42d56 -> 
AssetImportWorkerClient::OnTransportError - code=2 error=End of file
